#
# There is insufficient memory for the Java Runtime Environment to continue.
# Native memory allocation (mmap) failed to map 268435456 bytes for G1 virtual space
# Possible reasons:
#   The system is out of physical RAM or swap space
#   The process is running with CompressedOops enabled, and the Java Heap may be blocking the growth of the native heap
# Possible solutions:
#   Reduce memory load on the system
#   Increase physical memory or swap space
#   Check if swap backing store is full
#   Decrease Java heap size (-Xmx/-Xms)
#   Decrease number of Java threads
#   Decrease Java thread stack sizes (-Xss)
#   Set larger code cache with -XX:ReservedCodeCacheSize=
#   JVM is running with Zero Based Compressed Oops mode in which the Java heap is
#     placed in the first 32GB address space. The Java Heap base address is the
#     maximum limit for the native heap growth. Please use -XX:HeapBaseMinAddress
#     to set the Java Heap base and to place the Java Heap above 32GB virtual address.
# This output file may be truncated or incomplete.
#
#  Out of Memory Error (os_windows.cpp:3771), pid=10288, tid=6276
#
# JRE version:  (17.0.7) (build )
# Java VM: OpenJDK 64-Bit Server VM (17.0.7+0-b2043.56-10550314, mixed mode, sharing, tiered, compressed oops, compressed class ptrs, g1 gc, windows-amd64)
# No core dump will be written. Minidumps are not enabled by default on client versions of Windows
#

---------------  S U M M A R Y ------------

Command Line: git4idea.http.GitAskPassApp Username for 'https://github.com': 

Host: AMD Ryzen 5 5600X 6-Core Processor             , 12 cores, 15G,  Windows 11 , 64 bit Build 22621 (10.0.22621.3527)
Time: Wed May 22 19:02:01 2024 RTZ 4 (s 11 , 64 bit Build 22621 (10.0.22621.3527) elapsed time: 0.005985 seconds (0d 0h 0m 0s)

---------------  T H R E A D  ---------------

Current thread (0x0000022109c0fb40):  JavaThread "Unknown thread" [_thread_in_vm, id=6276, stack(0x00000097ea700000,0x00000097ea800000)]

Stack: [0x00000097ea700000,0x00000097ea800000]
Native frames: (J=compiled Java code, j=interpreted, Vv=VM code, C=native code)
V  [jvm.dll+0x683bfa]
V  [jvm.dll+0x8430a4]
V  [jvm.dll+0x8449be]
V  [jvm.dll+0x845023]
V  [jvm.dll+0x24ad2f]
V  [jvm.dll+0x680ac9]
V  [jvm.dll+0x67519a]
V  [jvm.dll+0x30b3cb]
V  [jvm.dll+0x312876]
V  [jvm.dll+0x36221e]
V  [jvm.dll+0x36244f]
V  [jvm.dll+0x2e14a8]
V  [jvm.dll+0x2e2414]
V  [jvm.dll+0x814391]
V  [jvm.dll+0x36ffe1]
V  [jvm.dll+0x7f396c]
V  [jvm.dll+0x3f305f]
V  [jvm.dll+0x3f4b91]
C  [jli.dll+0x528f]
C  [ucrtbase.dll+0x29333]
C  [KERNEL32.DLL+0x1257d]
C  [ntdll.dll+0x5aa48]


---------------  P R O C E S S  ---------------

Threads class SMR info:
_java_thread_list=0x00007ffc75ecd098, length=0, elements={
}

Java Threads: ( => current thread )

Other Threads:
  0x0000022109c79d80 GCTaskThread "GC Thread#0" [stack: 0x00000097ea800000,0x00000097ea900000] [id=22020]
  0x0000022109c8bba0 ConcurrentGCThread "G1 Main Marker" [stack: 0x00000097ea900000,0x00000097eaa00000] [id=1648]
  0x0000022109c8cd50 ConcurrentGCThread "G1 Conc#0" [stack: 0x00000097eaa00000,0x00000097eab00000] [id=19896]

[error occurred during error reporting (printing all threads), id 0xc0000005, EXCEPTION_ACCESS_VIOLATION (0xc0000005) at pc=0x00007ffc75682087]

VM state: not at safepoint (not fully initialized)

VM Mutex/Monitor currently owned by a thread:  ([mutex/lock_event])
[0x0000022109c0bc10] Heap_lock - owner thread: 0x0000022109c0fb40

Heap address: 0x0000000701200000, size: 4078 MB, Compressed Oops mode: Zero based, Oop shift amount: 3

CDS archive(s) mapped at: [0x0000000000000000-0x0000000000000000-0x0000000000000000), size 0, SharedBaseAddress: 0x0000000800000000, ArchiveRelocationMode: 0.
Narrow klass base: 0x0000000000000000, Narrow klass shift: 0, Narrow klass range: 0x0

GC Precious Log:
<Empty>

Heap:
 garbage-first heap   total 0K, used 0K [0x0000000701200000, 0x0000000800000000)
  region size 2048K, 0 young (0K), 0 survivors (0K)
 Metaspace       used 0K, committed 0K, reserved 0K
  class space    used 0K, committed 0K, reserved 0K

Heap Regions: E=young(eden), S=young(survivor), O=old, HS=humongous(starts), HC=humongous(continues), CS=collection set, F=free, OA=open archive, CA=closed archive, TAMS=top-at-mark-start (previous, next)

Card table byte_map: [0x000002211ce30000,0x000002211d630000] _byte_map_base: 0x0000022119627000

Marking Bits (Prev, Next): (CMBitMap*) 0x0000022109c7b3a0, (CMBitMap*) 0x0000022109c7b3e0
 Prev Bits: [0x000002211de30000, 0x0000022121de8000)
 Next Bits: [0x0000022121df0000, 0x0000022125da8000)

GC Heap History (0 events):
No events

Dll operation events (1 events):
Event: 0.004 Loaded shared library C:\Program Files\Android\Android Studio\jbr\bin\java.dll

Deoptimization events (0 events):
No events

Classes unloaded (0 events):
No events

Classes redefined (0 events):
No events

Internal exceptions (0 events):
No events

VM Operations (0 events):
No events

Events (0 events):
No events


Dynamic libraries:
0x00007ff626ae0000 - 0x00007ff626aea000 	C:\Program Files\Android\Android Studio\jbr\bin\java.exe
0x00007ffcbe6f0000 - 0x00007ffcbe907000 	C:\WINDOWS\SYSTEM32\ntdll.dll
0x00007ffcbd200000 - 0x00007ffcbd2c4000 	C:\WINDOWS\System32\KERNEL32.DLL
0x00007ffcbbb00000 - 0x00007ffcbbea7000 	C:\WINDOWS\System32\KERNELBASE.dll
0x00007ffcbc240000 - 0x00007ffcbc351000 	C:\WINDOWS\System32\ucrtbase.dll
0x00007ffc89b60000 - 0x00007ffc89b7b000 	C:\Program Files\Android\Android Studio\jbr\bin\VCRUNTIME140.dll
0x00007ffc95c50000 - 0x00007ffc95c67000 	C:\Program Files\Android\Android Studio\jbr\bin\jli.dll
0x00007ffcbc8d0000 - 0x00007ffcbca7e000 	C:\WINDOWS\System32\USER32.dll
0x00007ffcbc210000 - 0x00007ffcbc236000 	C:\WINDOWS\System32\win32u.dll
0x00007ffca63e0000 - 0x00007ffca6673000 	C:\WINDOWS\WinSxS\amd64_microsoft.windows.common-controls_6595b64144ccf1df_6.0.22621.3527_none_270e469b73872a76\COMCTL32.dll
0x00007ffcbdc90000 - 0x00007ffcbdcb9000 	C:\WINDOWS\System32\GDI32.dll
0x00007ffcbca90000 - 0x00007ffcbcb37000 	C:\WINDOWS\System32\msvcrt.dll
0x00007ffcbbeb0000 - 0x00007ffcbbfc9000 	C:\WINDOWS\System32\gdi32full.dll
0x00007ffcbc000000 - 0x00007ffcbc09a000 	C:\WINDOWS\System32\msvcp_win.dll
0x00007ffcbc820000 - 0x00007ffcbc851000 	C:\WINDOWS\System32\IMM32.DLL
0x00007ffc957f0000 - 0x00007ffc957fc000 	C:\Program Files\Android\Android Studio\jbr\bin\vcruntime140_1.dll
0x00007ffc74ad0000 - 0x00007ffc74b5d000 	C:\Program Files\Android\Android Studio\jbr\bin\msvcp140.dll
0x00007ffc75390000 - 0x00007ffc76010000 	C:\Program Files\Android\Android Studio\jbr\bin\server\jvm.dll
0x00007ffcbc750000 - 0x00007ffcbc802000 	C:\WINDOWS\System32\ADVAPI32.dll
0x00007ffcbe520000 - 0x00007ffcbe5c8000 	C:\WINDOWS\System32\sechost.dll
0x00007ffcbbfd0000 - 0x00007ffcbbff8000 	C:\WINDOWS\System32\bcrypt.dll
0x00007ffcbd460000 - 0x00007ffcbd575000 	C:\WINDOWS\System32\RPCRT4.dll
0x00007ffcb09f0000 - 0x00007ffcb0a24000 	C:\WINDOWS\SYSTEM32\WINMM.dll
0x00007ffca91d0000 - 0x00007ffca91d9000 	C:\WINDOWS\SYSTEM32\WSOCK32.dll
0x00007ffcb4500000 - 0x00007ffcb450a000 	C:\WINDOWS\SYSTEM32\VERSION.dll
0x00007ffcbd2d0000 - 0x00007ffcbd341000 	C:\WINDOWS\System32\WS2_32.dll
0x00007ffcbab20000 - 0x00007ffcbab38000 	C:\WINDOWS\SYSTEM32\kernel.appcore.dll
0x00007ffca0750000 - 0x00007ffca075a000 	C:\Program Files\Android\Android Studio\jbr\bin\jimage.dll
0x00007ffcb3520000 - 0x00007ffcb3752000 	C:\WINDOWS\SYSTEM32\DBGHELP.DLL
0x00007ffcbd580000 - 0x00007ffcbd908000 	C:\WINDOWS\System32\combase.dll
0x00007ffcbcb40000 - 0x00007ffcbcc17000 	C:\WINDOWS\System32\OLEAUT32.dll
0x00007ffcad180000 - 0x00007ffcad1b2000 	C:\WINDOWS\SYSTEM32\dbgcore.DLL
0x00007ffcbba10000 - 0x00007ffcbba89000 	C:\WINDOWS\System32\bcryptPrimitives.dll
0x00007ffc99690000 - 0x00007ffc996b5000 	C:\Program Files\Android\Android Studio\jbr\bin\java.dll

dbghelp: loaded successfully - version: 4.0.5 - missing functions: none
symbol engine: initialized successfully - sym options: 0x614 - pdb path: .;C:\Program Files\Android\Android Studio\jbr\bin;C:\WINDOWS\SYSTEM32;C:\WINDOWS\WinSxS\amd64_microsoft.windows.common-controls_6595b64144ccf1df_6.0.22621.3527_none_270e469b73872a76;C:\Program Files\Android\Android Studio\jbr\bin\server

VM Arguments:
java_command: git4idea.http.GitAskPassApp Username for 'https://github.com': 
java_class_path (initial): C:/Program Files/Android/Android Studio/plugins/vcs-git/lib/git4idea-rt.jar;C:/Program Files/Android/Android Studio/lib/externalProcess-rt.jar
Launcher Type: SUN_STANDARD

[Global flags]
     intx CICompilerCount                          = 4                                         {product} {ergonomic}
     uint ConcGCThreads                            = 3                                         {product} {ergonomic}
     uint G1ConcRefinementThreads                  = 10                                        {product} {ergonomic}
   size_t G1HeapRegionSize                         = 2097152                                   {product} {ergonomic}
    uintx GCDrainStackTargetSize                   = 64                                        {product} {ergonomic}
   size_t InitialHeapSize                          = 268435456                                 {product} {ergonomic}
   size_t MarkStackSize                            = 4194304                                   {product} {ergonomic}
   size_t MaxHeapSize                              = 4276092928                                {product} {ergonomic}
   size_t MinHeapDeltaBytes                        = 2097152                                   {product} {ergonomic}
   size_t MinHeapSize                              = 8388608                                   {product} {ergonomic}
    uintx NonNMethodCodeHeapSize                   = 5839372                                {pd product} {ergonomic}
    uintx NonProfiledCodeHeapSize                  = 122909434                              {pd product} {ergonomic}
    uintx ProfiledCodeHeapSize                     = 122909434                              {pd product} {ergonomic}
    uintx ReservedCodeCacheSize                    = 251658240                              {pd product} {ergonomic}
     bool SegmentedCodeCache                       = true                                      {product} {ergonomic}
   size_t SoftMaxHeapSize                          = 4276092928                             {manageable} {ergonomic}
     bool UseCompressedClassPointers               = true                           {product lp64_product} {ergonomic}
     bool UseCompressedOops                        = true                           {product lp64_product} {ergonomic}
     bool UseG1GC                                  = true                                      {product} {ergonomic}
     bool UseLargePagesIndividualAllocation        = false                                  {pd product} {ergonomic}

Logging:
Log output configuration:
 #0: stdout all=warning uptime,level,tags
 #1: stderr all=off uptime,level,tags

Environment Variables:
PATH=C:/Program Files/Git/mingw64/libexec/git-core;C:/Program Files/Git/mingw64/libexec/git-core;C:\Program Files\Git\mingw64\bin;C:\Program Files\Git\usr\bin;C:\Users\evger\bin;C:\Program Files (x86)\VMware\VMware Workstation\bin\;C:\Program Files (x86)\Common Files\Oracle\Java\javapath;C:\WINDOWS\system32;C:\WINDOWS;C:\WINDOWS\System32\Wbem;C:\WINDOWS\System32\WindowsPowerShell\v1.0\;C:\WINDOWS\System32\OpenSSH\;C:\Program Files\dotnet\;C:\Program Files\Git\cmd;C:\Program Files\NVIDIA Corporation\NVIDIA NvDLISR;C:\Program Files (x86)\NVIDIA Corporation\PhysX\Common;C:\Program Files\WireGuard\;C:\Program Files (x86)\Gpg4win\..\GnuPG\bin;C:\Program Files\nodejs\;C:\Users\evger\AppData\Local\Microsoft\WindowsApps;F:\Programs\Microsoft VS Code\bin;C:\Users\evger\AppData\Roaming\npm
USERNAME=evger
DISPLAY=:0.0
LC_ALL=en_US.UTF-8
TERM=xterm-256color
TMPDIR=C:\Users\evger\AppData\Local\Temp
OS=Windows_NT
PROCESSOR_IDENTIFIER=AMD64 Family 25 Model 33 Stepping 2, AuthenticAMD
TMP=C:\Users\evger\AppData\Local\Temp
TEMP=C:\Users\evger\AppData\Local\Temp


JNI global refs:
JNI global refs: 0, weak refs: 0

JNI global refs memory usage: 0, weak refs: 0

OOME stack traces (most recent first):
Classloader memory used:


---------------  S Y S T E M  ---------------

OS:
 Windows 11 , 64 bit Build 22621 (10.0.22621.3527)
OS uptime: 0 days 5:25 hours

CPU: total 12 (initial active 12) (12 cores per cpu, 2 threads per core) family 25 model 33 stepping 2 microcode 0x0, cx8, cmov, fxsr, ht, mmx, 3dnowpref, sse, sse2, sse3, ssse3, sse4a, sse4.1, sse4.2, popcnt, lzcnt, tsc, tscinvbit, avx, avx2, aes, erms, clmul, bmi1, bmi2, adx, sha, fma, vzeroupper, clflush, clflushopt

Memory: 4k page, system-wide physical 16309M (1686M free)
TotalPageFile size 24501M (AvailPageFile size 52M)
current process WorkingSet (physical memory assigned to process): 11M, peak: 11M
current process commit charge ("private bytes"): 64M, peak: 320M

vm_info: OpenJDK 64-Bit Server VM (17.0.7+0-b2043.56-10550314) for windows-amd64 JRE (17.0.7+0-b2043.56-10550314), built on Jul 24 2023 18:27:45 by "androidbuild" with MS VC++ 16.10 / 16.11 (VS2019)

END.
